# JRE version: OpenJDK Runtime Environment (24.0.1+9) (build 24.0.1+9-30)
# Java VM: OpenJDK 64-Bit Server VM (24.0.1+9-30, mixed mode, sharing, tiered, compressed oops, compressed class ptrs, g1 gc, windows-amd64)
GC Precious Log:
 CardTable entry size: 512
 Card Set container configuration: InlinePtr #cards 4 size 8 Array Of Cards #cards 16 size 48 Howl #buckets 8 coarsen threshold 3686 Howl Bitmap #cards 512 size 80 coarsen threshold 460 Card regions per heap region 1 cards per card region 4096
 CPUs: 8 total, 8 available
 Memory: 12022M
 Large Page Support: Disabled
 NUMA Support: Disabled
 Compressed Oops: Enabled (Zero based)
 Heap Region Size: 2M
 Heap Min Capacity: 8M
 Heap Initial Capacity: 188M
 Heap Max Capacity: 3006M
 Pre-touch: Disabled
 Parallel Workers: 8
 Concurrent Workers: 2
 Concurrent Refinement Workers: 8
 Periodic GC: Disabled
Heap:
 garbage-first heap   total reserved 3078144K, committed 88064K, used 66712K [0x0000000744200000, 0x0000000800000000)
  region size 2048K, 18 young (36864K), 3 survivors (6144K)
 Metaspace       used 78672K, committed 79360K, reserved 1179648K
  class space    used 8462K, committed 8768K, reserved 1048576K
GC Heap History (20 events):
Event: 1.287 GC heap before
{Heap before GC invocations=0 (full 0):
 garbage-first heap   total reserved 3078144K, committed 194560K, used 48240K [0x0000000744200000, 0x0000000800000000)
  region size 2048K, 24 young (49152K), 0 survivors (0K)
 Metaspace       used 8569K, committed 8832K, reserved 1114112K
  class space    used 782K, committed 896K, reserved 1048576K
}
Event: 1.295 GC heap after
{Heap after GC invocations=1 (full 0):
 garbage-first heap   total reserved 3078144K, committed 194560K, used 15856K [0x0000000744200000, 0x0000000800000000)
  region size 2048K, 3 young (6144K), 3 survivors (6144K)
 Metaspace       used 8569K, committed 8832K, reserved 1114112K
  class space    used 782K, committed 896K, reserved 1048576K
}
Event: 2.345 GC heap before
{Heap before GC invocations=1 (full 0):
 garbage-first heap   total reserved 3078144K, committed 194560K, used 65008K [0x0000000744200000, 0x0000000800000000)
  region size 2048K, 28 young (57344K), 3 survivors (6144K)
 Metaspace       used 21238K, committed 21504K, reserved 1114112K
  class space    used 2044K, committed 2176K, reserved 1048576K
}
Event: 2.355 GC heap after
{Heap after GC invocations=2 (full 0):
 garbage-first heap   total reserved 3078144K, committed 194560K, used 20728K [0x0000000744200000, 0x0000000800000000)
  region size 2048K, 3 young (6144K), 3 survivors (6144K)
 Metaspace       used 21238K, committed 21504K, reserved 1114112K
  class space    used 2044K, committed 2176K, reserved 1048576K
}
Event: 4.231 GC heap before
{Heap before GC invocations=3 (full 0):
 garbage-first heap   total reserved 3078144K, committed 75776K, used 73976K [0x0000000744200000, 0x0000000800000000)
  region size 2048K, 29 young (59392K), 3 survivors (6144K)
 Metaspace       used 28382K, committed 28736K, reserved 1114112K
  class space    used 2917K, committed 3072K, reserved 1048576K
}
Event: 4.242 GC heap after
{Heap after GC invocations=4 (full 0):
 garbage-first heap   total reserved 3078144K, committed 86016K, used 24211K [0x0000000744200000, 0x0000000800000000)
  region size 2048K, 5 young (10240K), 5 survivors (10240K)
 Metaspace       used 28382K, committed 28736K, reserved 1114112K
  class space    used 2917K, committed 3072K, reserved 1048576K
}
Event: 5.024 GC heap before
{Heap before GC invocations=4 (full 0):
 garbage-first heap   total reserved 3078144K, committed 86016K, used 59027K [0x0000000744200000, 0x0000000800000000)
  region size 2048K, 22 young (45056K), 5 survivors (10240K)
 Metaspace       used 33943K, committed 34304K, reserved 1114112K
  class space    used 3575K, committed 3712K, reserved 1048576K
}
Event: 5.036 GC heap after
{Heap after GC invocations=5 (full 0):
 garbage-first heap   total reserved 3078144K, committed 86016K, used 27807K [0x0000000744200000, 0x0000000800000000)
  region size 2048K, 2 young (4096K), 2 survivors (4096K)
 Metaspace       used 33943K, committed 34304K, reserved 1114112K
  class space    used 3575K, committed 3712K, reserved 1048576K
}
Event: 5.300 GC heap before
{Heap before GC invocations=5 (full 0):
 garbage-first heap   total reserved 3078144K, committed 86016K, used 35999K [0x0000000744200000, 0x0000000800000000)
  region size 2048K, 7 young (14336K), 2 survivors (4096K)
 Metaspace       used 35536K, committed 35968K, reserved 1114112K
  class space    used 3769K, committed 3968K, reserved 1048576K
}
Event: 5.303 GC heap after
{Heap after GC invocations=6 (full 0):
 garbage-first heap   total reserved 3078144K, committed 86016K, used 28094K [0x0000000744200000, 0x0000000800000000)
  region size 2048K, 2 young (4096K), 2 survivors (4096K)
 Metaspace       used 35536K, committed 35968K, reserved 1114112K
  class space    used 3769K, committed 3968K, reserved 1048576K
}
Event: 6.499 GC heap before
{Heap before GC invocations=7 (full 0):
 garbage-first heap   total reserved 3078144K, committed 86016K, used 64958K [0x0000000744200000, 0x0000000800000000)
  region size 2048K, 21 young (43008K), 2 survivors (4096K)
 Metaspace       used 49323K, committed 49792K, reserved 1114112K
  class space    used 5226K, committed 5440K, reserved 1048576K
}
Event: 6.504 GC heap after
{Heap after GC invocations=8 (full 0):
 garbage-first heap   total reserved 3078144K, committed 86016K, used 31409K [0x0000000744200000, 0x0000000800000000)
  region size 2048K, 3 young (6144K), 3 survivors (6144K)
 Metaspace       used 49323K, committed 49792K, reserved 1114112K
  class space    used 5226K, committed 5440K, reserved 1048576K
}
Event: 7.325 GC heap before
{Heap before GC invocations=8 (full 0):
 garbage-first heap   total reserved 3078144K, committed 86016K, used 64177K [0x0000000744200000, 0x0000000800000000)
  region size 2048K, 20 young (40960K), 3 survivors (6144K)
 Metaspace       used 59865K, committed 60288K, reserved 1114112K
  class space    used 6332K, committed 6528K, reserved 1048576K
}
Event: 7.330 GC heap after
{Heap after GC invocations=9 (full 0):
 garbage-first heap   total reserved 3078144K, committed 86016K, used 33164K [0x0000000744200000, 0x0000000800000000)
  region size 2048K, 2 young (4096K), 2 survivors (4096K)
 Metaspace       used 59865K, committed 60288K, reserved 1114112K
  class space    used 6332K, committed 6528K, reserved 1048576K
}
Event: 7.355 GC heap before
{Heap before GC invocations=9 (full 0):
 garbage-first heap   total reserved 3078144K, committed 86016K, used 33164K [0x0000000744200000, 0x0000000800000000)
  region size 2048K, 3 young (6144K), 2 survivors (4096K)
 Metaspace       used 60189K, committed 60608K, reserved 1114112K
  class space    used 6372K, committed 6528K, reserved 1048576K
}
Event: 7.358 GC heap after
{Heap after GC invocations=10 (full 0):
 garbage-first heap   total reserved 3078144K, committed 86016K, used 32929K [0x0000000744200000, 0x0000000800000000)
  region size 2048K, 2 young (4096K), 2 survivors (4096K)
 Metaspace       used 60189K, committed 60608K, reserved 1114112K
  class space    used 6372K, committed 6528K, reserved 1048576K
}
Event: 8.108 GC heap before
{Heap before GC invocations=11 (full 0):
 garbage-first heap   total reserved 3078144K, committed 86016K, used 71841K [0x0000000744200000, 0x0000000800000000)
  region size 2048K, 21 young (43008K), 2 survivors (4096K)
 Metaspace       used 66150K, committed 66624K, reserved 1114112K
  class space    used 7091K, committed 7296K, reserved 1048576K
}
Event: 8.112 GC heap after
{Heap after GC invocations=12 (full 0):
 garbage-first heap   total reserved 3078144K, committed 86016K, used 36408K [0x0000000744200000, 0x0000000800000000)
  region size 2048K, 3 young (6144K), 3 survivors (6144K)
 Metaspace       used 66150K, committed 66624K, reserved 1114112K
  class space    used 7091K, committed 7296K, reserved 1048576K
}
Event: 8.816 GC heap before
{Heap before GC invocations=12 (full 0):
 garbage-first heap   total reserved 3078144K, committed 86016K, used 73272K [0x0000000744200000, 0x0000000800000000)
  region size 2048K, 21 young (43008K), 3 survivors (6144K)
 Metaspace       used 71588K, committed 72192K, reserved 1114112K
  class space    used 7691K, committed 7936K, reserved 1048576K
}
Event: 8.823 GC heap after
{Heap after GC invocations=13 (full 0):
 garbage-first heap   total reserved 3078144K, committed 88064K, used 40088K [0x0000000744200000, 0x0000000800000000)
  region size 2048K, 3 young (6144K), 3 survivors (6144K)
 Metaspace       used 71588K, committed 72192K, reserved 1114112K
  class space    used 7691K, committed 7936K, reserved 1048576K
}

